TN:
SF:src/modules/appointments/services/CreateAppointmentService.ts
FN:15,(anonymous_18)
FN:18,CreateAppointmentService
FN:25,(anonymous_20)
FNF:3
FNH:3
FNDA:1,(anonymous_18)
FNDA:5,CreateAppointmentService
FNDA:7,(anonymous_20)
DA:1,1
DA:2,1
DA:5,1
DA:15,1
DA:22,5
DA:25,1
DA:26,7
DA:27,7
DA:28,7
DA:30,7
DA:32,7
DA:33,2
DA:36,5
DA:37,1
DA:40,4
DA:41,1
DA:44,3
DA:48,3
DA:49,1
DA:52,2
DA:58,2
DA:60,1
DA:62,1
LF:23
LH:23
BRDA:32,0,0,2
BRDA:32,0,1,5
BRDA:36,1,0,1
BRDA:36,1,1,4
BRDA:40,2,0,1
BRDA:40,2,1,3
BRDA:40,3,0,4
BRDA:40,3,1,4
BRDA:48,4,0,1
BRDA:48,4,1,2
BRF:10
BRH:10
end_of_record
TN:
SF:src/modules/appointments/services/ListProviderDayAvailabilityService.ts
FN:18,(anonymous_17)
FN:21,ListProviderDayAvailabilityService
FN:28,(anonymous_19)
FN:47,(anonymous_22)
FN:52,(anonymous_23)
FN:53,(anonymous_24)
FNF:6
FNH:6
FNDA:1,(anonymous_17)
FNDA:1,ListProviderDayAvailabilityService
FNDA:1,(anonymous_19)
FNDA:10,(anonymous_22)
FNDA:10,(anonymous_23)
FNDA:19,(anonymous_24)
DA:1,1
DA:3,1
DA:18,1
DA:25,1
DA:28,1
DA:29,1
DA:30,1
DA:31,1
DA:32,1
DA:34,1
DA:43,1
DA:45,1
DA:47,10
DA:50,1
DA:52,1
DA:53,10
DA:54,19
DA:57,10
DA:59,10
DA:65,1
DA:67,1
DA:69,1
LF:22
LH:22
BRDA:34,0,0,1
BRDA:61,1,0,10
BRDA:61,1,1,8
BRF:3
BRH:3
end_of_record
TN:
SF:src/modules/appointments/services/ListProviderMonthAvailabilityService.ts
FN:17,(anonymous_17)
FN:20,ListProviderMonthAvailabilityService
FN:27,(anonymous_19)
FN:40,(anonymous_22)
FN:43,(anonymous_23)
FN:44,(anonymous_24)
FNF:6
FNH:6
FNDA:1,(anonymous_17)
FNDA:1,ListProviderMonthAvailabilityService
FNDA:1,(anonymous_19)
FNDA:31,(anonymous_22)
FNDA:31,(anonymous_23)
FNDA:341,(anonymous_24)
DA:1,1
DA:3,1
DA:17,1
DA:24,1
DA:27,1
DA:28,1
DA:29,1
DA:30,1
DA:32,1
DA:36,1
DA:38,1
DA:40,31
DA:43,1
DA:44,31
DA:45,341
DA:48,31
DA:54,1
DA:56,1
DA:58,1
LF:19
LH:19
BRDA:32,0,0,1
BRF:1
BRH:1
end_of_record
TN:
SF:src/modules/appointments/services/ListProvidersService.ts
FN:11,(anonymous_17)
FN:14,ListProvidersService
FN:18,(anonymous_19)
FNF:3
FNH:3
FNDA:1,(anonymous_17)
FNDA:1,ListProvidersService
FNDA:1,(anonymous_19)
DA:1,1
DA:11,1
DA:15,1
DA:18,1
DA:19,1
DA:23,1
DA:25,1
DA:27,1
LF:8
LH:8
BRDA:19,0,0,1
BRF:1
BRH:1
end_of_record
TN:
SF:src/modules/users/services/AuthenticateUserService.ts
FN:22,(anonymous_18)
FN:27,AuthenticateUserService
FN:35,(anonymous_20)
FNF:3
FNH:3
FNDA:1,(anonymous_18)
FNDA:3,AuthenticateUserService
FNDA:3,(anonymous_20)
DA:1,1
DA:4,1
DA:6,1
DA:7,1
DA:22,1
DA:31,3
DA:32,3
DA:35,3
DA:36,3
DA:38,3
DA:39,1
DA:42,2
DA:47,2
DA:48,1
DA:51,1
DA:52,1
DA:53,1
DA:58,1
DA:60,1
LF:19
LH:19
BRDA:36,0,0,3
BRDA:38,1,0,1
BRDA:38,1,1,2
BRDA:47,2,0,1
BRDA:47,2,1,1
BRF:5
BRH:5
end_of_record
TN:
SF:src/modules/users/services/CreateUserService.ts
FN:15,(anonymous_18)
FN:20,CreateUserService
FN:30,(anonymous_20)
FNF:3
FNH:3
FNDA:2,(anonymous_18)
FNDA:5,CreateUserService
FNDA:5,(anonymous_20)
DA:3,2
DA:4,2
DA:15,2
DA:26,5
DA:27,5
DA:30,5
DA:31,5
DA:33,5
DA:34,1
DA:37,4
DA:38,4
DA:44,4
DA:46,2
DA:48,2
LF:14
LH:14
BRDA:31,0,0,5
BRDA:33,1,0,1
BRDA:33,1,1,4
BRF:3
BRH:3
end_of_record
TN:
SF:src/modules/users/services/ResetPasswordService.ts
FN:14,(anonymous_18)
FN:21,ResetPasswordService
FN:34,(anonymous_20)
FNF:3
FNH:3
FNDA:1,(anonymous_18)
FNDA:4,ResetPasswordService
FNDA:4,(anonymous_20)
DA:1,1
DA:2,1
DA:6,1
DA:14,1
DA:29,4
DA:30,4
DA:31,4
DA:34,4
DA:35,4
DA:37,4
DA:38,1
DA:41,3
DA:43,3
DA:44,1
DA:47,2
DA:48,2
DA:50,2
DA:51,1
DA:54,1
DA:56,2
DA:58,1
DA:60,1
LF:22
LH:22
BRDA:35,0,0,4
BRDA:37,1,0,1
BRDA:37,1,1,3
BRDA:43,2,0,1
BRDA:43,2,1,2
BRDA:50,3,0,1
BRDA:50,3,1,1
BRF:7
BRH:7
end_of_record
TN:
SF:src/modules/users/services/SendForgotPasswordEmailService.ts
FN:13,(anonymous_18)
FN:20,SendForgotPasswordEmailService
FN:35,(anonymous_20)
FNF:3
FNH:3
FNDA:1,(anonymous_18)
FNDA:3,SendForgotPasswordEmailService
FNDA:3,(anonymous_20)
DA:1,1
DA:2,1
DA:5,1
DA:13,1
DA:30,3
DA:31,3
DA:32,3
DA:35,3
DA:36,3
DA:38,3
DA:39,1
DA:42,2
DA:44,2
DA:51,4
DA:66,1
DA:68,1
LF:16
LH:16
BRDA:36,0,0,3
BRDA:38,1,0,1
BRDA:38,1,1,2
BRF:3
BRH:3
end_of_record
TN:
SF:src/modules/users/services/ShowProfileService.ts
FN:13,(anonymous_18)
FN:16,ShowProfileService
FN:20,(anonymous_20)
FNF:3
FNH:3
FNDA:1,(anonymous_18)
FNDA:2,ShowProfileService
FNDA:2,(anonymous_20)
DA:1,1
DA:5,1
DA:13,1
DA:17,2
DA:20,2
DA:21,2
DA:23,2
DA:24,1
DA:27,1
DA:29,1
DA:31,1
LF:11
LH:11
BRDA:21,0,0,2
BRDA:23,1,0,1
BRDA:23,1,1,1
BRF:3
BRH:3
end_of_record
TN:
SF:src/modules/users/services/UpdateProfileService.ts
FN:18,(anonymous_18)
FN:23,UpdateProfileService
FN:31,(anonymous_20)
FNF:3
FNH:3
FNDA:1,(anonymous_18)
FNDA:6,UpdateProfileService
FNDA:6,(anonymous_20)
DA:1,1
DA:5,1
DA:18,1
DA:27,6
DA:28,6
DA:31,1
DA:32,6
DA:33,6
DA:34,6
DA:35,6
DA:36,6
DA:38,6
DA:40,6
DA:41,1
DA:44,5
DA:46,5
DA:47,1
DA:50,4
DA:51,4
DA:53,4
DA:54,1
DA:59,4
DA:60,2
DA:65,2
DA:66,1
DA:70,3
DA:71,1
DA:74,2
DA:76,1
DA:78,1
LF:30
LH:30
BRDA:38,0,0,6
BRDA:38,0,1,2
BRDA:40,1,0,1
BRDA:40,1,1,5
BRDA:46,2,0,1
BRDA:46,2,1,4
BRDA:46,3,0,5
BRDA:46,3,1,2
BRDA:53,4,0,1
BRDA:53,4,1,3
BRDA:53,5,0,4
BRDA:53,5,1,3
BRDA:59,6,0,1
BRDA:59,6,1,2
BRDA:59,7,0,3
BRDA:59,7,1,2
BRDA:65,8,0,1
BRDA:65,8,1,1
BRDA:70,9,0,1
BRDA:70,9,1,1
BRF:20
BRH:20
end_of_record
TN:
SF:src/modules/users/services/UpdateUserAvatarService.ts
FN:15,(anonymous_18)
FN:20,UpdateUserAvatarService
FN:28,(anonymous_20)
FNF:3
FNH:3
FNDA:1,(anonymous_18)
FNDA:3,UpdateUserAvatarService
FNDA:4,(anonymous_20)
DA:1,1
DA:5,1
DA:15,1
DA:24,3
DA:25,3
DA:28,4
DA:29,4
DA:31,4
DA:32,1
DA:35,5
DA:36,2
DA:39,3
DA:41,3
DA:43,6
DA:45,3
DA:47,1
DA:49,1
LF:17
LH:17
BRDA:29,0,0,4
BRDA:29,0,1,3
BRDA:31,1,0,1
BRDA:31,1,1,3
BRDA:35,2,0,2
BRDA:35,2,1,1
BRF:6
BRH:6
end_of_record
